Using pre-set license
Built from '2022.3/release' branch; Version is '2022.3.5f1 (9674261d40ee) revision 9860134'; Using compiler version '192829333'; Build Type 'Release'
OS: 'Windows 10  (10.0.19045) 64bit Core' Language: 'ko' Physical Memory: 31893 MB
BatchMode: 1, IsHumanControllingUs: 0, StartBugReporterOnCrash: 0, Is64bit: 1, IsPro: 1

COMMAND LINE ARGUMENTS:
C:\Program Files\Unity\Hub\Editor\2022.3.5f1\Editor\Unity.exe
-adb2
-batchMode
-noUpm
-name
AssetImportWorker0
-projectPath
C:/Users/Admin/Documents/GitHub/Unity_Development_Kit
-logFile
Logs/AssetImportWorker0.log
-srvPort
63202
Successfully changed project path to: C:/Users/Admin/Documents/GitHub/Unity_Development_Kit
C:/Users/Admin/Documents/GitHub/Unity_Development_Kit
[UnityMemory] Configuration Parameters - Can be set up in boot.config
    "memorysetup-bucket-allocator-granularity=16"
    "memorysetup-bucket-allocator-bucket-count=8"
    "memorysetup-bucket-allocator-block-size=33554432"
    "memorysetup-bucket-allocator-block-count=8"
    "memorysetup-main-allocator-block-size=16777216"
    "memorysetup-thread-allocator-block-size=16777216"
    "memorysetup-gfx-main-allocator-block-size=16777216"
    "memorysetup-gfx-thread-allocator-block-size=16777216"
    "memorysetup-cache-allocator-block-size=4194304"
    "memorysetup-typetree-allocator-block-size=2097152"
    "memorysetup-profiler-bucket-allocator-granularity=16"
    "memorysetup-profiler-bucket-allocator-bucket-count=8"
    "memorysetup-profiler-bucket-allocator-block-size=33554432"
    "memorysetup-profiler-bucket-allocator-block-count=8"
    "memorysetup-profiler-allocator-block-size=16777216"
    "memorysetup-profiler-editor-allocator-block-size=1048576"
    "memorysetup-temp-allocator-size-main=16777216"
    "memorysetup-job-temp-allocator-block-size=2097152"
    "memorysetup-job-temp-allocator-block-size-background=1048576"
    "memorysetup-job-temp-allocator-reduction-small-platforms=262144"
    "memorysetup-allocator-temp-initial-block-size-main=262144"
    "memorysetup-allocator-temp-initial-block-size-worker=262144"
    "memorysetup-temp-allocator-size-background-worker=32768"
    "memorysetup-temp-allocator-size-job-worker=262144"
    "memorysetup-temp-allocator-size-preload-manager=33554432"
    "memorysetup-temp-allocator-size-nav-mesh-worker=65536"
    "memorysetup-temp-allocator-size-audio-worker=65536"
    "memorysetup-temp-allocator-size-cloud-worker=32768"
    "memorysetup-temp-allocator-size-gi-baking-worker=262144"
    "memorysetup-temp-allocator-size-gfx=262144"
Player connection [21792] Host "[IP] 192.168.35.177 [Port] 0 [Flags] 2 [Guid] 1410161318 [EditorId] 1410161318 [Version] 1048832 [Id] WindowsEditor(7,DESKTOP-U6S8Q33) [Debug] 1 [PackageName] WindowsEditor [ProjectName] Editor" joined multi-casting on [225.0.0.222:54997]...

Player connection [21792] Host "[IP] 192.168.35.177 [Port] 0 [Flags] 2 [Guid] 1410161318 [EditorId] 1410161318 [Version] 1048832 [Id] WindowsEditor(7,DESKTOP-U6S8Q33) [Debug] 1 [PackageName] WindowsEditor [ProjectName] Editor" joined alternative multi-casting on [225.0.0.222:34997]...

Refreshing native plugins compatible for Editor in 15.59 ms, found 3 plugins.
Preloading 0 native plugins for Editor in 0.00 ms.
Initialize engine version: 2022.3.5f1 (9674261d40ee)
[Subsystems] Discovering subsystems at path C:/Program Files/Unity/Hub/Editor/2022.3.5f1/Editor/Data/Resources/UnitySubsystems
[Subsystems] Discovering subsystems at path C:/Users/Admin/Documents/GitHub/Unity_Development_Kit/Assets
GfxDevice: creating device client; threaded=0; jobified=0
Direct3D:
    Version:  Direct3D 11.0 [level 11.1]
    Renderer: NVIDIA GeForce RTX 4060 Ti (ID=0x2803)
    Vendor:   NVIDIA
    VRAM:     7963 MB
    Driver:   31.0.15.3667
Initialize mono
Mono path[0] = 'C:/Program Files/Unity/Hub/Editor/2022.3.5f1/Editor/Data/Managed'
Mono path[1] = 'C:/Program Files/Unity/Hub/Editor/2022.3.5f1/Editor/Data/MonoBleedingEdge/lib/mono/unityjit-win32'
Mono config path = 'C:/Program Files/Unity/Hub/Editor/2022.3.5f1/Editor/Data/MonoBleedingEdge/etc'
Using monoOptions --debugger-agent=transport=dt_socket,embedding=1,server=y,suspend=n,address=127.0.0.1:56868
Begin MonoManager ReloadAssembly
Registering precompiled unity dll's ...
Register platform support module: C:/Program Files/Unity/Hub/Editor/2022.3.5f1/Editor/Data/PlaybackEngines/AndroidPlayer/UnityEditor.Android.Extensions.dll
Register platform support module: C:/Program Files/Unity/Hub/Editor/2022.3.5f1/Editor/Data/PlaybackEngines/WindowsStandaloneSupport/UnityEditor.WindowsStandalone.Extensions.dll
Registered in 0.024897 seconds.
- Loaded All Assemblies, in  0.306 seconds
Native extension for WindowsStandalone target not found
Native extension for Android target not found
Android Extension - Scanning For ADB Devices 332 ms
Mono: successfully reloaded assembly
- Finished resetting the current domain, in  0.531 seconds
Domain Reload Profiling: 832ms
	BeginReloadAssembly (95ms)
		ExecutionOrderSort (0ms)
		DisableScriptedObjects (0ms)
		BackupInstance (0ms)
		ReleaseScriptingObjects (0ms)
		CreateAndSetChildDomain (0ms)
	RebuildCommonClasses (24ms)
	RebuildNativeTypeToScriptingClass (6ms)
	initialDomainReloadingComplete (71ms)
	LoadAllAssembliesAndSetupDomain (105ms)
		LoadAssemblies (91ms)
		RebuildTransferFunctionScriptingTraits (0ms)
		AnalyzeDomain (90ms)
			TypeCache.Refresh (90ms)
				TypeCache.ScanAssembly (82ms)
			ScanForSourceGeneratedMonoScriptInfo (0ms)
			ResolveRequiredComponents (0ms)
	FinalizeReload (531ms)
		ReleaseScriptCaches (0ms)
		RebuildScriptCaches (0ms)
		SetupLoadedEditorAssemblies (499ms)
			LogAssemblyErrors (0ms)
			InitializePlatformSupportModulesInManaged (407ms)
			SetLoadedEditorAssemblies (2ms)
			RefreshPlugins (0ms)
			BeforeProcessingInitializeOnLoad (1ms)
			ProcessInitializeOnLoadAttributes (55ms)
			ProcessInitializeOnLoadMethodAttributes (34ms)
			AfterProcessingInitializeOnLoad (0ms)
			EditorAssembliesLoaded (0ms)
		ExecutionOrderSort2 (0ms)
		AwakeInstancesAfterBackupRestoration (0ms)
========================================================================
Worker process is ready to serve import requests
Begin MonoManager ReloadAssembly
Symbol file LoadedFromMemory doesn't match image C:\Users\Admin\Documents\GitHub\Unity_Development_Kit\Library\PackageCache\com.unity.visualscripting@1.8.0\Editor\VisualScripting.Core\Dependencies\YamlDotNet\Unity.VisualScripting.YamlDotNet.dll
Symbol file LoadedFromMemory doesn't match image C:\Users\Admin\Documents\GitHub\Unity_Development_Kit\Library\PackageCache\com.unity.visualscripting@1.8.0\Editor\VisualScripting.Core\Dependencies\DotNetZip\Unity.VisualScripting.IonicZip.dll
- Loaded All Assemblies, in  0.656 seconds
Refreshing native plugins compatible for Editor in 7.63 ms, found 3 plugins.
Native extension for WindowsStandalone target not found
Native extension for Android target not found
Package Manager log level set to [2]
[Package Manager] Server::EnsureServerProcessIsRunning -- launch failed, reason: Unity was launched with the -noUpm command-line argument
[Package Manager] UpmClient::Send -- Unable to send message (not connected to UPM process).
[Package Manager] Cannot connect to Unity Package Manager local server
Mono: successfully reloaded assembly
- Finished resetting the current domain, in  0.397 seconds
Domain Reload Profiling: 1045ms
	BeginReloadAssembly (118ms)
		ExecutionOrderSort (0ms)
		DisableScriptedObjects (3ms)
		BackupInstance (0ms)
		ReleaseScriptingObjects (0ms)
		CreateAndSetChildDomain (16ms)
	RebuildCommonClasses (22ms)
	RebuildNativeTypeToScriptingClass (6ms)
	initialDomainReloadingComplete (47ms)
	LoadAllAssembliesAndSetupDomain (454ms)
		LoadAssemblies (327ms)
		RebuildTransferFunctionScriptingTraits (0ms)
		AnalyzeDomain (183ms)
			TypeCache.Refresh (171ms)
				TypeCache.ScanAssembly (162ms)
			ScanForSourceGeneratedMonoScriptInfo (9ms)
			ResolveRequiredComponents (3ms)
	FinalizeReload (397ms)
		ReleaseScriptCaches (0ms)
		RebuildScriptCaches (0ms)
		SetupLoadedEditorAssemblies (303ms)
			LogAssemblyErrors (0ms)
			InitializePlatformSupportModulesInManaged (24ms)
			SetLoadedEditorAssemblies (3ms)
			RefreshPlugins (0ms)
			BeforeProcessingInitializeOnLoad (67ms)
			ProcessInitializeOnLoadAttributes (179ms)
			ProcessInitializeOnLoadMethodAttributes (11ms)
			AfterProcessingInitializeOnLoad (19ms)
			EditorAssembliesLoaded (0ms)
		ExecutionOrderSort2 (0ms)
		AwakeInstancesAfterBackupRestoration (11ms)
Launched and connected shader compiler UnityShaderCompiler.exe after 0.06 seconds
Refreshing native plugins compatible for Editor in 7.31 ms, found 3 plugins.
Preloading 0 native plugins for Editor in 0.00 ms.
Unloading 3339 Unused Serialized files (Serialized files now loaded: 0)
Unloading 38 unused Assets / (59.1 KB). Loaded Objects now: 3804.
Memory consumption went from 137.1 MB to 137.1 MB.
Total: 2.589800 ms (FindLiveObjects: 0.208000 ms CreateObjectMapping: 0.065000 ms MarkObjects: 2.224800 ms  DeleteObjects: 0.091300 ms)

AssetImportParameters requested are different than current active one (requested -> active):
  custom:container-demuxer-ogg: 62fdf1f143b41e24485cea50d1cbac27 -> 
  custom:scripting/monoscript/fileName/UI_Hover.cs: 53a56e8342d4d9dae8f621eea5997e36 -> f7fffbe60731ed9f7b927a73398f8cdf
  custom:scripting/monoscript/fileName/GameManager.cs: 81ab47815b1cda162399b0c16199f023 -> 56bc6cc643bcbf5a5a0d63cbd09e7487
  custom:scripting/monoscript/fileName/SoundManager.cs: 840c753ea222748db3b6d6106ce94b8b -> 97b8b7f19e31a376baf624982cbfe12a
  custom:scripting/monoscript/fileName/SaveManager.cs: 4b7602047565c2020f47bafa0d5a4fa9 -> f327d65ba76f2af61c9a26b2f621b294
  custom:scripting/monoscript/fileName/UI_TempPopup.cs: 612209c06fd1a8530a57661ba14ccffc -> b6dda34bac353df0b8480bb6b7792c25
  custom:scripting/monoscript/fileName/UI_Base.cs: 40f90825e92fd0f2ad58a68f6dbe18aa -> 48903eb0ee029fce972f96e43120207d
  custom:scripting/monoscript/fileName/ResourceManager.cs: f7339a673bbcbec696b2ca4255f14e89 -> 276d978ad18a8ddc8097f1c2dfc9a801
  custom:video-decoder-ogg-theora: a1e56fd34408186e4bbccfd4996cb3dc -> 
  custom:scripting/monoscript/fileName/UI_TempHover.cs: f4e0f134abcfde529525a9f63d3624ef -> 5193b7fce44db955b48ddd1a4a4597a4
  custom:framework-win-MediaFoundation: 216162199b28c13a410421893ffa2e32 -> 
  custom:scripting/monoscript/fileName/Util.cs: aa4ef3861d803df3816cd1aad8bf2932 -> c567c840c1075a4816e316d1c03be77c
  custom:scripting/monoscript/fileName/GoogleSheetManager.cs: fb73dd0e7d165c2aef9f589e95b82843 -> f0ffde97b752080c3d530584994b1772
  custom:scripting/monoscript/fileName/UI_HoverIcon.cs: 86da22e14803a0579b30a8e6d88a739b -> dac643c22b2e8c2dcf6652dc1a05459f
  custom:CustomObjectIndexerAttribute: 756ad292c208cfabdd7b50bc23989ffe -> 
  custom:scripting/monoscript/fileName/UIManager.cs: 619f5747dc184f3577c898ec321c40d4 -> 2595dc2cbd41cc2d023a3ebb28d87e9e
  custom:scripting/monoscript/fileName/JemSO.cs: 8e14b335a572e0f03282c9a5aabbeac8 -> 078b1c297faed4c19846a38052bc7e41
  custom:container-demuxer-webm: 4f35f7cbe854078d1ac9338744f61a02 -> 
  custom:scripting/monoscript/fileName/UI_Popup.cs: 135a9e4578cbf6d842da457c7bedc110 -> 1f3dad614649925ea79eef226189441d
  custom:container-muxer-webm: aa71ff27fc2769a1b78a27578f13a17b -> 
  custom:video-decoder-webm-vp8: 9c59270c3fd7afecdb556c50c9e8de78 -> 
  custom:AudioImporter_EditorPlatform: d09bf68614088b80899f8185d706f6e7 -> 
  custom:scripting/monoscript/fileName/GameManagerTest.cs: 7b3543181b6adaefe262862eb6dfeca0 -> 044cdc206dcf7eaf5454853a811a075a
  custom:scripting/monoscript/fileName/UIManagerTest.cs: f5755402c59d822eb0b90a69a934a57b -> dc623384580707152405fac8a08b7732
  custom:video-encoder-webm-vp8: eb34c28f22e8b96e1ab97ce403110664 -> 
  custom:audio-decoder-ogg-vorbis: bf7c407c2cedff20999df2af8eb42d56 -> 
  custom:scripting/monoscript/fileName/DataManager.cs: a9fe4eef96bf52b1fbeab23b0dafda6a -> 391fbbd6888f653416e6d2b1963354c7
  custom:scripting/monoscript/fileName/Extension.cs: d35893847dc4e4cd771fdff5761251c8 -> f72bc6e9d0263a29e2980e70d431f264
  custom:scripting/monoscript/fileName/SceneController.cs: efd0f905630482a1d81c485058d9d5aa -> 3ef5623db2458cc6fd817fc6271b7e41
  custom:audio-encoder-webm-vorbis: bf7c407c2cedff20999df2af8eb42d56 -> 
========================================================================
Received Import Request.
  Time since last request: 269213.301631 seconds.
  path: Assets/Features/Common/#1.GameManager/Util/Util.cs
  artifactKey: Guid(1ead7642b815f2f459071c119d55f852) Importer(815301076,1909f56bfc062723c751e8b465ee728b)
Start importing Assets/Features/Common/#1.GameManager/Util/Util.cs using Guid(1ead7642b815f2f459071c119d55f852) Importer(815301076,1909f56bfc062723c751e8b465ee728b)  -> (artifact id: '75e073ce94f086efe5151dfbcc26b6b8') in 0.001905 seconds
Number of updated asset objects reloaded before import = 0
Number of asset objects unloaded after import = 0
========================================================================
Received Import Request.
  Time since last request: 0.000016 seconds.
  path: Assets/Features/Common/#1.GameManager/Util/Extension.cs
  artifactKey: Guid(3ae6481d9dae65e48b913d4ec844f1ee) Importer(815301076,1909f56bfc062723c751e8b465ee728b)
Start importing Assets/Features/Common/#1.GameManager/Util/Extension.cs using Guid(3ae6481d9dae65e48b913d4ec844f1ee) Importer(815301076,1909f56bfc062723c751e8b465ee728b)  -> (artifact id: '28e9637b95c7a97961c962c4ee005f29') in 0.000419 seconds
Number of updated asset objects reloaded before import = 0
Number of asset objects unloaded after import = 0
========================================================================
Received Import Request.
  Time since last request: 0.487566 seconds.
  path: Assets/Features/Common/#1.GameManager/UIManager/UIManager.cs
  artifactKey: Guid(3616e56e32959d2418381634c471550e) Importer(815301076,1909f56bfc062723c751e8b465ee728b)
Start importing Assets/Features/Common/#1.GameManager/UIManager/UIManager.cs using Guid(3616e56e32959d2418381634c471550e) Importer(815301076,1909f56bfc062723c751e8b465ee728b)  -> (artifact id: 'bbab13f8525b1ad2108659da5f3b29c5') in 0.000509 seconds
Number of updated asset objects reloaded before import = 0
Number of asset objects unloaded after import = 0
========================================================================
Received Import Request.
  Time since last request: 0.722003 seconds.
  path: Assets/Features/Common/#1.GameManager/UIManager/UI_Popup.cs
  artifactKey: Guid(f29485fa977d2ce46b0c6fb7864b0fa9) Importer(815301076,1909f56bfc062723c751e8b465ee728b)
Start importing Assets/Features/Common/#1.GameManager/UIManager/UI_Popup.cs using Guid(f29485fa977d2ce46b0c6fb7864b0fa9) Importer(815301076,1909f56bfc062723c751e8b465ee728b)  -> (artifact id: '1975a4bae9b89edfe2900531a1170e04') in 0.000484 seconds
Number of updated asset objects reloaded before import = 0
Number of asset objects unloaded after import = 0
========================================================================
Received Import Request.
  Time since last request: 0.386712 seconds.
  path: Assets/Features/Common/#1.GameManager/UIManager/UI_Hover.cs
  artifactKey: Guid(25eaf5213f59ecf4a8aa70373bf5f4dc) Importer(815301076,1909f56bfc062723c751e8b465ee728b)
Start importing Assets/Features/Common/#1.GameManager/UIManager/UI_Hover.cs using Guid(25eaf5213f59ecf4a8aa70373bf5f4dc) Importer(815301076,1909f56bfc062723c751e8b465ee728b)  -> (artifact id: '62b64b27dbb30f6893cf784f420c4916') in 0.000542 seconds
Number of updated asset objects reloaded before import = 0
Number of asset objects unloaded after import = 0
========================================================================
Received Import Request.
  Time since last request: 5.993647 seconds.
  path: Assets/Features/Common/#1.GameManager/#Test/TestScene.unity
  artifactKey: Guid(9fc0d4010bbf28b4594072e72b8655ab) Importer(815301076,1909f56bfc062723c751e8b465ee728b)
Start importing Assets/Features/Common/#1.GameManager/#Test/TestScene.unity using Guid(9fc0d4010bbf28b4594072e72b8655ab) Importer(815301076,1909f56bfc062723c751e8b465ee728b)  -> (artifact id: '9e1f5f476a496eedb681e824561663c8') in 0.000481 seconds
Number of updated asset objects reloaded before import = 0
Number of asset objects unloaded after import = 0
========================================================================
Received Import Request.
  Time since last request: 8.710562 seconds.
  path: Assets/Features/Common/#1.GameManager/#Test/(Start)TestScene.unity
  artifactKey: Guid(9fc0d4010bbf28b4594072e72b8655ab) Importer(815301076,1909f56bfc062723c751e8b465ee728b)
Start importing Assets/Features/Common/#1.GameManager/#Test/(Start)TestScene.unity using Guid(9fc0d4010bbf28b4594072e72b8655ab) Importer(815301076,1909f56bfc062723c751e8b465ee728b)  -> (artifact id: '0c032524b6d300e6481aa26832cd141c') in 0.000508 seconds
Number of updated asset objects reloaded before import = 0
Number of asset objects unloaded after import = 0
========================================================================
Received Import Request.
  Time since last request: 4.670814 seconds.
  path: Assets/Features/Common/#1.GameManager/#Test/GameManagerTest.cs
  artifactKey: Guid(5d7134d200de50d4b88c89bc42b196b3) Importer(815301076,1909f56bfc062723c751e8b465ee728b)
Start importing Assets/Features/Common/#1.GameManager/#Test/GameManagerTest.cs using Guid(5d7134d200de50d4b88c89bc42b196b3) Importer(815301076,1909f56bfc062723c751e8b465ee728b)  -> (artifact id: 'a97947089344843165d0d6b006bd2c5f') in 0.000538 seconds
Number of updated asset objects reloaded before import = 0
Number of asset objects unloaded after import = 0
========================================================================
Received Prepare
Begin MonoManager ReloadAssembly
Symbol file LoadedFromMemory doesn't match image C:\Users\Admin\Documents\GitHub\Unity_Development_Kit\Library\PackageCache\com.unity.visualscripting@1.8.0\Editor\VisualScripting.Core\Dependencies\YamlDotNet\Unity.VisualScripting.YamlDotNet.dll
Symbol file LoadedFromMemory doesn't match image C:\Users\Admin\Documents\GitHub\Unity_Development_Kit\Library\PackageCache\com.unity.visualscripting@1.8.0\Editor\VisualScripting.Core\Dependencies\DotNetZip\Unity.VisualScripting.IonicZip.dll
- Loaded All Assemblies, in  0.692 seconds
Refreshing native plugins compatible for Editor in 8.73 ms, found 3 plugins.
Native extension for WindowsStandalone target not found
Native extension for Android target not found
[Package Manager] Server::EnsureServerProcessIsRunning -- launch failed, reason: Unity was launched with the -noUpm command-line argument
[Package Manager] UpmClient::Send -- Unable to send message (not connected to UPM process).
[Package Manager] Cannot connect to Unity Package Manager local server
Mono: successfully reloaded assembly
- Finished resetting the current domain, in  0.911 seconds
Domain Reload Profiling: 1595ms
	BeginReloadAssembly (146ms)
		ExecutionOrderSort (0ms)
		DisableScriptedObjects (4ms)
		BackupInstance (0ms)
		ReleaseScriptingObjects (0ms)
		CreateAndSetChildDomain (33ms)
	RebuildCommonClasses (20ms)
	RebuildNativeTypeToScriptingClass (6ms)
	initialDomainReloadingComplete (40ms)
	LoadAllAssembliesAndSetupDomain (470ms)
		LoadAssemblies (337ms)
		RebuildTransferFunctionScriptingTraits (0ms)
		AnalyzeDomain (187ms)
			TypeCache.Refresh (183ms)
				TypeCache.ScanAssembly (173ms)
			ScanForSourceGeneratedMonoScriptInfo (0ms)
			ResolveRequiredComponents (4ms)
	FinalizeReload (911ms)
		ReleaseScriptCaches (0ms)
		RebuildScriptCaches (0ms)
		SetupLoadedEditorAssemblies (297ms)
			LogAssemblyErrors (0ms)
			InitializePlatformSupportModulesInManaged (26ms)
			SetLoadedEditorAssemblies (3ms)
			RefreshPlugins (0ms)
			BeforeProcessingInitializeOnLoad (71ms)
			ProcessInitializeOnLoadAttributes (163ms)
			ProcessInitializeOnLoadMethodAttributes (13ms)
			AfterProcessingInitializeOnLoad (21ms)
			EditorAssembliesLoaded (0ms)
		ExecutionOrderSort2 (0ms)
		AwakeInstancesAfterBackupRestoration (14ms)
Refreshing native plugins compatible for Editor in 7.33 ms, found 3 plugins.
Preloading 0 native plugins for Editor in 0.00 ms.
Unloading 3316 Unused Serialized files (Serialized files now loaded: 0)
Unloading 27 unused Assets / (33.2 KB). Loaded Objects now: 3808.
Memory consumption went from 131.9 MB to 131.8 MB.
Total: 2.238000 ms (FindLiveObjects: 0.204500 ms CreateObjectMapping: 0.075700 ms MarkObjects: 1.899000 ms  DeleteObjects: 0.058200 ms)

Prepare: number of updated asset objects reloaded= 0
AssetImportParameters requested are different than current active one (requested -> active):
  custom:container-demuxer-ogg: 62fdf1f143b41e24485cea50d1cbac27 -> 
  custom:scripting/monoscript/fileName/UI_Hover.cs: 53a56e8342d4d9dae8f621eea5997e36 -> f7fffbe60731ed9f7b927a73398f8cdf
  custom:scripting/monoscript/fileName/GameManager.cs: 81ab47815b1cda162399b0c16199f023 -> 56bc6cc643bcbf5a5a0d63cbd09e7487
  custom:scripting/monoscript/fileName/SoundManager.cs: 840c753ea222748db3b6d6106ce94b8b -> 97b8b7f19e31a376baf624982cbfe12a
  custom:scripting/monoscript/fileName/SaveManager.cs: 4b7602047565c2020f47bafa0d5a4fa9 -> f327d65ba76f2af61c9a26b2f621b294
  custom:scripting/monoscript/fileName/UI_TempPopup.cs: 612209c06fd1a8530a57661ba14ccffc -> b6dda34bac353df0b8480bb6b7792c25
  custom:scripting/monoscript/fileName/UI_Base.cs: 40f90825e92fd0f2ad58a68f6dbe18aa -> 48903eb0ee029fce972f96e43120207d
  custom:scripting/monoscript/fileName/ResourceManager.cs: f7339a673bbcbec696b2ca4255f14e89 -> 276d978ad18a8ddc8097f1c2dfc9a801
  custom:video-decoder-ogg-theora: a1e56fd34408186e4bbccfd4996cb3dc -> 
  custom:scripting/monoscript/fileName/UI_TempHover.cs: f4e0f134abcfde529525a9f63d3624ef -> 5193b7fce44db955b48ddd1a4a4597a4
  custom:framework-win-MediaFoundation: 216162199b28c13a410421893ffa2e32 -> 
  custom:scripting/monoscript/fileName/Util.cs: aa4ef3861d803df3816cd1aad8bf2932 -> c567c840c1075a4816e316d1c03be77c
  custom:scripting/monoscript/fileName/GoogleSheetManager.cs: fb73dd0e7d165c2aef9f589e95b82843 -> f0ffde97b752080c3d530584994b1772
  custom:scripting/monoscript/fileName/UI_HoverIcon.cs: 86da22e14803a0579b30a8e6d88a739b -> dac643c22b2e8c2dcf6652dc1a05459f
  custom:CustomObjectIndexerAttribute: 756ad292c208cfabdd7b50bc23989ffe -> 
  custom:scripting/monoscript/fileName/UIManager.cs: 619f5747dc184f3577c898ec321c40d4 -> 2595dc2cbd41cc2d023a3ebb28d87e9e
  custom:scripting/monoscript/fileName/JemSO.cs: 8e14b335a572e0f03282c9a5aabbeac8 -> 078b1c297faed4c19846a38052bc7e41
  custom:container-demuxer-webm: 4f35f7cbe854078d1ac9338744f61a02 -> 
  custom:scripting/monoscript/fileName/UI_Popup.cs: 135a9e4578cbf6d842da457c7bedc110 -> 1f3dad614649925ea79eef226189441d
  custom:container-muxer-webm: aa71ff27fc2769a1b78a27578f13a17b -> 
  custom:video-decoder-webm-vp8: 9c59270c3fd7afecdb556c50c9e8de78 -> 
  custom:AudioImporter_EditorPlatform: d09bf68614088b80899f8185d706f6e7 -> 
  custom:scripting/monoscript/fileName/GameManagerTest.cs: 7b3543181b6adaefe262862eb6dfeca0 -> 044cdc206dcf7eaf5454853a811a075a
  custom:scripting/monoscript/fileName/UIManagerTest.cs: f5755402c59d822eb0b90a69a934a57b -> dc623384580707152405fac8a08b7732
  custom:video-encoder-webm-vp8: eb34c28f22e8b96e1ab97ce403110664 -> 
  custom:audio-decoder-ogg-vorbis: bf7c407c2cedff20999df2af8eb42d56 -> 
  custom:scripting/monoscript/fileName/DataManager.cs: a9fe4eef96bf52b1fbeab23b0dafda6a -> 391fbbd6888f653416e6d2b1963354c7
  custom:scripting/monoscript/fileName/Extension.cs: d35893847dc4e4cd771fdff5761251c8 -> f72bc6e9d0263a29e2980e70d431f264
  custom:scripting/monoscript/fileName/SceneController.cs: efd0f905630482a1d81c485058d9d5aa -> 3ef5623db2458cc6fd817fc6271b7e41
  custom:audio-encoder-webm-vorbis: bf7c407c2cedff20999df2af8eb42d56 -> 
========================================================================
Received Prepare
Begin MonoManager ReloadAssembly
Symbol file LoadedFromMemory doesn't match image C:\Users\Admin\Documents\GitHub\Unity_Development_Kit\Library\PackageCache\com.unity.visualscripting@1.8.0\Editor\VisualScripting.Core\Dependencies\YamlDotNet\Unity.VisualScripting.YamlDotNet.dll
Symbol file LoadedFromMemory doesn't match image C:\Users\Admin\Documents\GitHub\Unity_Development_Kit\Library\PackageCache\com.unity.visualscripting@1.8.0\Editor\VisualScripting.Core\Dependencies\DotNetZip\Unity.VisualScripting.IonicZip.dll
- Loaded All Assemblies, in  0.657 seconds
Refreshing native plugins compatible for Editor in 7.74 ms, found 3 plugins.
Native extension for WindowsStandalone target not found
Native extension for Android target not found
[Package Manager] Server::EnsureServerProcessIsRunning -- launch failed, reason: Unity was launched with the -noUpm command-line argument
[Package Manager] UpmClient::Send -- Unable to send message (not connected to UPM process).
[Package Manager] Cannot connect to Unity Package Manager local server
Mono: successfully reloaded assembly
- Finished resetting the current domain, in  0.913 seconds
Domain Reload Profiling: 1561ms
	BeginReloadAssembly (133ms)
		ExecutionOrderSort (0ms)
		DisableScriptedObjects (3ms)
		BackupInstance (0ms)
		ReleaseScriptingObjects (0ms)
		CreateAndSetChildDomain (26ms)
	RebuildCommonClasses (21ms)
	RebuildNativeTypeToScriptingClass (6ms)
	initialDomainReloadingComplete (36ms)
	LoadAllAssembliesAndSetupDomain (451ms)
		LoadAssemblies (331ms)
		RebuildTransferFunctionScriptingTraits (0ms)
		AnalyzeDomain (176ms)
			TypeCache.Refresh (171ms)
				TypeCache.ScanAssembly (163ms)
			ScanForSourceGeneratedMonoScriptInfo (0ms)
			ResolveRequiredComponents (5ms)
	FinalizeReload (913ms)
		ReleaseScriptCaches (0ms)
		RebuildScriptCaches (0ms)
		SetupLoadedEditorAssemblies (293ms)
			LogAssemblyErrors (0ms)
			InitializePlatformSupportModulesInManaged (26ms)
			SetLoadedEditorAssemblies (3ms)
			RefreshPlugins (0ms)
			BeforeProcessingInitializeOnLoad (70ms)
			ProcessInitializeOnLoadAttributes (161ms)
			ProcessInitializeOnLoadMethodAttributes (12ms)
			AfterProcessingInitializeOnLoad (21ms)
			EditorAssembliesLoaded (0ms)
		ExecutionOrderSort2 (0ms)
		AwakeInstancesAfterBackupRestoration (14ms)
Refreshing native plugins compatible for Editor in 8.49 ms, found 3 plugins.
Preloading 0 native plugins for Editor in 0.00 ms.
Unloading 3317 Unused Serialized files (Serialized files now loaded: 0)
Unloading 27 unused Assets / (33.5 KB). Loaded Objects now: 3812.
Memory consumption went from 132.1 MB to 132.1 MB.
Total: 2.101700 ms (FindLiveObjects: 0.187400 ms CreateObjectMapping: 0.056600 ms MarkObjects: 1.813300 ms  DeleteObjects: 0.043900 ms)

Prepare: number of updated asset objects reloaded= 0
AssetImportParameters requested are different than current active one (requested -> active):
  custom:container-demuxer-ogg: 62fdf1f143b41e24485cea50d1cbac27 -> 
  custom:scripting/monoscript/fileName/UI_Hover.cs: 53a56e8342d4d9dae8f621eea5997e36 -> f7fffbe60731ed9f7b927a73398f8cdf
  custom:scripting/monoscript/fileName/GameManager.cs: 81ab47815b1cda162399b0c16199f023 -> 56bc6cc643bcbf5a5a0d63cbd09e7487
  custom:scripting/monoscript/fileName/SoundManager.cs: 840c753ea222748db3b6d6106ce94b8b -> 97b8b7f19e31a376baf624982cbfe12a
  custom:scripting/monoscript/fileName/SaveManager.cs: 4b7602047565c2020f47bafa0d5a4fa9 -> f327d65ba76f2af61c9a26b2f621b294
  custom:scripting/monoscript/fileName/UI_TempPopup.cs: 612209c06fd1a8530a57661ba14ccffc -> b6dda34bac353df0b8480bb6b7792c25
  custom:scripting/monoscript/fileName/UI_Base.cs: 40f90825e92fd0f2ad58a68f6dbe18aa -> 48903eb0ee029fce972f96e43120207d
  custom:scripting/monoscript/fileName/ResourceManager.cs: f7339a673bbcbec696b2ca4255f14e89 -> 276d978ad18a8ddc8097f1c2dfc9a801
  custom:video-decoder-ogg-theora: a1e56fd34408186e4bbccfd4996cb3dc -> 
  custom:scripting/monoscript/fileName/UI_TempHover.cs: f4e0f134abcfde529525a9f63d3624ef -> 5193b7fce44db955b48ddd1a4a4597a4
  custom:framework-win-MediaFoundation: 216162199b28c13a410421893ffa2e32 -> 
  custom:scripting/monoscript/fileName/Util.cs: aa4ef3861d803df3816cd1aad8bf2932 -> c567c840c1075a4816e316d1c03be77c
  custom:scripting/monoscript/fileName/GoogleSheetManager.cs: fb73dd0e7d165c2aef9f589e95b82843 -> f0ffde97b752080c3d530584994b1772
  custom:scripting/monoscript/fileName/UI_HoverIcon.cs: 86da22e14803a0579b30a8e6d88a739b -> dac643c22b2e8c2dcf6652dc1a05459f
  custom:CustomObjectIndexerAttribute: 756ad292c208cfabdd7b50bc23989ffe -> 
  custom:scripting/monoscript/fileName/UIManager.cs: 619f5747dc184f3577c898ec321c40d4 -> 2595dc2cbd41cc2d023a3ebb28d87e9e
  custom:scripting/monoscript/fileName/JemSO.cs: 8e14b335a572e0f03282c9a5aabbeac8 -> 078b1c297faed4c19846a38052bc7e41
  custom:container-demuxer-webm: 4f35f7cbe854078d1ac9338744f61a02 -> 
  custom:scripting/monoscript/fileName/UI_Popup.cs: 135a9e4578cbf6d842da457c7bedc110 -> 1f3dad614649925ea79eef226189441d
  custom:container-muxer-webm: aa71ff27fc2769a1b78a27578f13a17b -> 
  custom:video-decoder-webm-vp8: 9c59270c3fd7afecdb556c50c9e8de78 -> 
  custom:AudioImporter_EditorPlatform: d09bf68614088b80899f8185d706f6e7 -> 
  custom:scripting/monoscript/fileName/GameManagerTest.cs: 7b3543181b6adaefe262862eb6dfeca0 -> 044cdc206dcf7eaf5454853a811a075a
  custom:scripting/monoscript/fileName/UIManagerTest.cs: f5755402c59d822eb0b90a69a934a57b -> dc623384580707152405fac8a08b7732
  custom:video-encoder-webm-vp8: eb34c28f22e8b96e1ab97ce403110664 -> 
  custom:audio-decoder-ogg-vorbis: bf7c407c2cedff20999df2af8eb42d56 -> 
  custom:scripting/monoscript/fileName/DataManager.cs: a9fe4eef96bf52b1fbeab23b0dafda6a -> 391fbbd6888f653416e6d2b1963354c7
  custom:scripting/monoscript/fileName/Extension.cs: d35893847dc4e4cd771fdff5761251c8 -> f72bc6e9d0263a29e2980e70d431f264
  custom:scripting/monoscript/fileName/SceneController.cs: efd0f905630482a1d81c485058d9d5aa -> 3ef5623db2458cc6fd817fc6271b7e41
  custom:audio-encoder-webm-vorbis: bf7c407c2cedff20999df2af8eb42d56 -> 
========================================================================
Received Import Request.
  Time since last request: 84.436729 seconds.
  path: Assets/Resources/Prefabs/@GameManager.prefab
  artifactKey: Guid(1c0fcda996802a74786fd08f8a346d7d) Importer(815301076,1909f56bfc062723c751e8b465ee728b)
Start importing Assets/Resources/Prefabs/@GameManager.prefab using Guid(1c0fcda996802a74786fd08f8a346d7d) Importer(815301076,1909f56bfc062723c751e8b465ee728b)  -> (artifact id: '4d753d2149602b70779c83a42348be06') in 0.021031 seconds
Number of updated asset objects reloaded before import = 0
Number of asset objects unloaded after import = 37
========================================================================
Received Import Request.
  Time since last request: 35.270380 seconds.
  path: Assets/Features/Common/#1.GameManager/#Test/TempScripts
  artifactKey: Guid(73b88cd8062b39b449b64522d85e3eda) Importer(815301076,1909f56bfc062723c751e8b465ee728b)
Start importing Assets/Features/Common/#1.GameManager/#Test/TempScripts using Guid(73b88cd8062b39b449b64522d85e3eda) Importer(815301076,1909f56bfc062723c751e8b465ee728b)  -> (artifact id: '280b1fece51a790427a8730fdfe68917') in 0.000470 seconds
Number of updated asset objects reloaded before import = 0
Number of asset objects unloaded after import = 0
========================================================================
Received Prepare
Begin MonoManager ReloadAssembly
Symbol file LoadedFromMemory doesn't match image C:\Users\Admin\Documents\GitHub\Unity_Development_Kit\Library\PackageCache\com.unity.visualscripting@1.8.0\Editor\VisualScripting.Core\Dependencies\YamlDotNet\Unity.VisualScripting.YamlDotNet.dll
Symbol file LoadedFromMemory doesn't match image C:\Users\Admin\Documents\GitHub\Unity_Development_Kit\Library\PackageCache\com.unity.visualscripting@1.8.0\Editor\VisualScripting.Core\Dependencies\DotNetZip\Unity.VisualScripting.IonicZip.dll
- Loaded All Assemblies, in  0.675 seconds
Refreshing native plugins compatible for Editor in 7.14 ms, found 3 plugins.
Native extension for WindowsStandalone target not found
Native extension for Android target not found
[Package Manager] Server::EnsureServerProcessIsRunning -- launch failed, reason: Unity was launched with the -noUpm command-line argument
[Package Manager] UpmClient::Send -- Unable to send message (not connected to UPM process).
[Package Manager] Cannot connect to Unity Package Manager local server
Mono: successfully reloaded assembly
- Finished resetting the current domain, in  0.823 seconds
Domain Reload Profiling: 1489ms
	BeginReloadAssembly (140ms)
		ExecutionOrderSort (0ms)
		DisableScriptedObjects (3ms)
		BackupInstance (0ms)
		ReleaseScriptingObjects (0ms)
		CreateAndSetChildDomain (28ms)
	RebuildCommonClasses (21ms)
	RebuildNativeTypeToScriptingClass (6ms)
	initialDomainReloadingComplete (37ms)
	LoadAllAssembliesAndSetupDomain (463ms)
		LoadAssemblies (346ms)
		RebuildTransferFunctionScriptingTraits (0ms)
		AnalyzeDomain (174ms)
			TypeCache.Refresh (170ms)
				TypeCache.ScanAssembly (161ms)
			ScanForSourceGeneratedMonoScriptInfo (1ms)
			ResolveRequiredComponents (3ms)
	FinalizeReload (823ms)
		ReleaseScriptCaches (0ms)
		RebuildScriptCaches (0ms)
		SetupLoadedEditorAssemblies (261ms)
			LogAssemblyErrors (0ms)
			InitializePlatformSupportModulesInManaged (23ms)
			SetLoadedEditorAssemblies (3ms)
			RefreshPlugins (0ms)
			BeforeProcessingInitializeOnLoad (64ms)
			ProcessInitializeOnLoadAttributes (141ms)
			ProcessInitializeOnLoadMethodAttributes (12ms)
			AfterProcessingInitializeOnLoad (18ms)
			EditorAssembliesLoaded (0ms)
		ExecutionOrderSort2 (0ms)
		AwakeInstancesAfterBackupRestoration (11ms)
Refreshing native plugins compatible for Editor in 7.40 ms, found 3 plugins.
Preloading 0 native plugins for Editor in 0.00 ms.
Unloading 3316 Unused Serialized files (Serialized files now loaded: 0)
Unloading 27 unused Assets / (33.3 KB). Loaded Objects now: 3817.
Memory consumption went from 131.9 MB to 131.9 MB.
Total: 2.052700 ms (FindLiveObjects: 0.201000 ms CreateObjectMapping: 0.065400 ms MarkObjects: 1.747900 ms  DeleteObjects: 0.037700 ms)

Prepare: number of updated asset objects reloaded= 0
AssetImportParameters requested are different than current active one (requested -> active):
  custom:container-demuxer-ogg: 62fdf1f143b41e24485cea50d1cbac27 -> 
  custom:scripting/monoscript/fileName/UI_Hover.cs: 53a56e8342d4d9dae8f621eea5997e36 -> f7fffbe60731ed9f7b927a73398f8cdf
  custom:scripting/monoscript/fileName/GameManager.cs: 81ab47815b1cda162399b0c16199f023 -> 56bc6cc643bcbf5a5a0d63cbd09e7487
  custom:scripting/monoscript/fileName/SoundManager.cs: 840c753ea222748db3b6d6106ce94b8b -> 97b8b7f19e31a376baf624982cbfe12a
  custom:scripting/monoscript/fileName/SaveManager.cs: 4b7602047565c2020f47bafa0d5a4fa9 -> f327d65ba76f2af61c9a26b2f621b294
  custom:scripting/monoscript/fileName/UI_TempPopup.cs: 8390397edb332bf2cc1125ecaa5a5a3b -> 612209c06fd1a8530a57661ba14ccffc
  custom:scripting/monoscript/fileName/UI_Base.cs: 40f90825e92fd0f2ad58a68f6dbe18aa -> 48903eb0ee029fce972f96e43120207d
  custom:scripting/monoscript/fileName/ResourceManager.cs: f7339a673bbcbec696b2ca4255f14e89 -> 276d978ad18a8ddc8097f1c2dfc9a801
  custom:video-decoder-ogg-theora: a1e56fd34408186e4bbccfd4996cb3dc -> 
  custom:scripting/monoscript/fileName/UI_TempHover.cs: efbbc2d25c1945322b949708cb0a9040 -> f4e0f134abcfde529525a9f63d3624ef
  custom:framework-win-MediaFoundation: 216162199b28c13a410421893ffa2e32 -> 
  custom:scripting/monoscript/fileName/Util.cs: aa4ef3861d803df3816cd1aad8bf2932 -> c567c840c1075a4816e316d1c03be77c
  custom:scripting/monoscript/fileName/GoogleSheetManager.cs: fb73dd0e7d165c2aef9f589e95b82843 -> f0ffde97b752080c3d530584994b1772
  custom:scripting/monoscript/fileName/UI_HoverIcon.cs: a26fa5f8f85c7ff968a5634848f8fd8f -> 86da22e14803a0579b30a8e6d88a739b
  custom:CustomObjectIndexerAttribute: 756ad292c208cfabdd7b50bc23989ffe -> 
  custom:scripting/monoscript/fileName/UIManager.cs: 619f5747dc184f3577c898ec321c40d4 -> 2595dc2cbd41cc2d023a3ebb28d87e9e
  custom:scripting/monoscript/fileName/JemSO.cs: 8e14b335a572e0f03282c9a5aabbeac8 -> 078b1c297faed4c19846a38052bc7e41
  custom:container-demuxer-webm: 4f35f7cbe854078d1ac9338744f61a02 -> 
  custom:scripting/monoscript/fileName/UI_Popup.cs: 135a9e4578cbf6d842da457c7bedc110 -> 1f3dad614649925ea79eef226189441d
  custom:container-muxer-webm: aa71ff27fc2769a1b78a27578f13a17b -> 
  custom:video-decoder-webm-vp8: 9c59270c3fd7afecdb556c50c9e8de78 -> 
  custom:AudioImporter_EditorPlatform: d09bf68614088b80899f8185d706f6e7 -> 
  custom:scripting/monoscript/fileName/GameManagerTest.cs: 39117663d6d1d8be34a2866cd771fd09 -> 7b3543181b6adaefe262862eb6dfeca0
  custom:scripting/monoscript/fileName/UIManagerTest.cs: f3ead2fc739064e1e6eb88cb771379fd -> f5755402c59d822eb0b90a69a934a57b
  custom:video-encoder-webm-vp8: eb34c28f22e8b96e1ab97ce403110664 -> 
  custom:audio-decoder-ogg-vorbis: bf7c407c2cedff20999df2af8eb42d56 -> 
  custom:scripting/monoscript/fileName/DataManager.cs: a9fe4eef96bf52b1fbeab23b0dafda6a -> 391fbbd6888f653416e6d2b1963354c7
  custom:scripting/monoscript/fileName/Extension.cs: d35893847dc4e4cd771fdff5761251c8 -> f72bc6e9d0263a29e2980e70d431f264
  custom:scripting/monoscript/fileName/SceneController.cs: efd0f905630482a1d81c485058d9d5aa -> 3ef5623db2458cc6fd817fc6271b7e41
  custom:audio-encoder-webm-vorbis: bf7c407c2cedff20999df2af8eb42d56 -> 
========================================================================
Received Import Request.
  Time since last request: 14.453288 seconds.
  path: Assets/Features/Common/#1.GameManager/GameManager/DataManager/GoogleSheetManager.cs
  artifactKey: Guid(9d8ae5e7071546045a6365f98ed4d775) Importer(815301076,1909f56bfc062723c751e8b465ee728b)
Start importing Assets/Features/Common/#1.GameManager/GameManager/DataManager/GoogleSheetManager.cs using Guid(9d8ae5e7071546045a6365f98ed4d775) Importer(815301076,1909f56bfc062723c751e8b465ee728b)  -> (artifact id: 'b33ce5b9046b7c570a4fccdd90fa588e') in 0.001978 seconds
Number of updated asset objects reloaded before import = 0
Number of asset objects unloaded after import = 0
========================================================================
Received Import Request.
  Time since last request: 141.456777 seconds.
  path: Assets/Features/Common/#1.GameManager/GameManager/DataManager/GoogleSheetManager.cs
  artifactKey: Guid(9d8ae5e7071546045a6365f98ed4d775) Importer(815301076,1909f56bfc062723c751e8b465ee728b)
Start importing Assets/Features/Common/#1.GameManager/GameManager/DataManager/GoogleSheetManager.cs using Guid(9d8ae5e7071546045a6365f98ed4d775) Importer(815301076,1909f56bfc062723c751e8b465ee728b)  -> (artifact id: 'f70c911829d0b6b8c064669acdcb1210') in 0.007000 seconds
Number of updated asset objects reloaded before import = 0
Number of asset objects unloaded after import = 0
========================================================================
Received Prepare
Begin MonoManager ReloadAssembly
Symbol file LoadedFromMemory doesn't match image C:\Users\Admin\Documents\GitHub\Unity_Development_Kit\Library\PackageCache\com.unity.visualscripting@1.8.0\Editor\VisualScripting.Core\Dependencies\YamlDotNet\Unity.VisualScripting.YamlDotNet.dll
Symbol file LoadedFromMemory doesn't match image C:\Users\Admin\Documents\GitHub\Unity_Development_Kit\Library\PackageCache\com.unity.visualscripting@1.8.0\Editor\VisualScripting.Core\Dependencies\DotNetZip\Unity.VisualScripting.IonicZip.dll
- Loaded All Assemblies, in  0.722 seconds
Refreshing native plugins compatible for Editor in 7.60 ms, found 3 plugins.
Native extension for WindowsStandalone target not found
Native extension for Android target not found
[Package Manager] Server::EnsureServerProcessIsRunning -- launch failed, reason: Unity was launched with the -noUpm command-line argument
[Package Manager] UpmClient::Send -- Unable to send message (not connected to UPM process).
[Package Manager] Cannot connect to Unity Package Manager local server
Mono: successfully reloaded assembly
- Finished resetting the current domain, in  0.828 seconds
Domain Reload Profiling: 1540ms
	BeginReloadAssembly (146ms)
		ExecutionOrderSort (0ms)
		DisableScriptedObjects (3ms)
		BackupInstance (0ms)
		ReleaseScriptingObjects (0ms)
		CreateAndSetChildDomain (28ms)
	RebuildCommonClasses (48ms)
	RebuildNativeTypeToScriptingClass (8ms)
	initialDomainReloadingComplete (41ms)
	LoadAllAssembliesAndSetupDomain (469ms)
		LoadAssemblies (371ms)
		RebuildTransferFunctionScriptingTraits (0ms)
		AnalyzeDomain (161ms)
			TypeCache.Refresh (156ms)
				TypeCache.ScanAssembly (147ms)
			ScanForSourceGeneratedMonoScriptInfo (1ms)
			ResolveRequiredComponents (3ms)
	FinalizeReload (828ms)
		ReleaseScriptCaches (0ms)
		RebuildScriptCaches (0ms)
		SetupLoadedEditorAssemblies (266ms)
			LogAssemblyErrors (0ms)
			InitializePlatformSupportModulesInManaged (25ms)
			SetLoadedEditorAssemblies (3ms)
			RefreshPlugins (0ms)
			BeforeProcessingInitializeOnLoad (64ms)
			ProcessInitializeOnLoadAttributes (142ms)
			ProcessInitializeOnLoadMethodAttributes (10ms)
			AfterProcessingInitializeOnLoad (20ms)
			EditorAssembliesLoaded (1ms)
		ExecutionOrderSort2 (0ms)
		AwakeInstancesAfterBackupRestoration (12ms)
Refreshing native plugins compatible for Editor in 6.94 ms, found 3 plugins.
Preloading 0 native plugins for Editor in 0.00 ms.
Unloading 3316 Unused Serialized files (Serialized files now loaded: 0)
Unloading 27 unused Assets / (33.3 KB). Loaded Objects now: 3821.
Memory consumption went from 131.9 MB to 131.9 MB.
Total: 2.216500 ms (FindLiveObjects: 0.228900 ms CreateObjectMapping: 0.102400 ms MarkObjects: 1.848700 ms  DeleteObjects: 0.036000 ms)

Prepare: number of updated asset objects reloaded= 0
AssetImportParameters requested are different than current active one (requested -> active):
  custom:container-demuxer-ogg: 62fdf1f143b41e24485cea50d1cbac27 -> 
  custom:scripting/monoscript/fileName/UI_Hover.cs: 53a56e8342d4d9dae8f621eea5997e36 -> f7fffbe60731ed9f7b927a73398f8cdf
  custom:scripting/monoscript/fileName/GameManager.cs: 81ab47815b1cda162399b0c16199f023 -> 56bc6cc643bcbf5a5a0d63cbd09e7487
  custom:scripting/monoscript/fileName/SoundManager.cs: 840c753ea222748db3b6d6106ce94b8b -> 97b8b7f19e31a376baf624982cbfe12a
  custom:scripting/monoscript/fileName/SaveManager.cs: 4b7602047565c2020f47bafa0d5a4fa9 -> f327d65ba76f2af61c9a26b2f621b294
  custom:scripting/monoscript/fileName/UI_TempPopup.cs: 8390397edb332bf2cc1125ecaa5a5a3b -> 612209c06fd1a8530a57661ba14ccffc
  custom:scripting/monoscript/fileName/UI_Base.cs: 40f90825e92fd0f2ad58a68f6dbe18aa -> 48903eb0ee029fce972f96e43120207d
  custom:scripting/monoscript/fileName/ResourceManager.cs: f7339a673bbcbec696b2ca4255f14e89 -> 276d978ad18a8ddc8097f1c2dfc9a801
  custom:video-decoder-ogg-theora: a1e56fd34408186e4bbccfd4996cb3dc -> 
  custom:scripting/monoscript/fileName/UI_TempHover.cs: efbbc2d25c1945322b949708cb0a9040 -> f4e0f134abcfde529525a9f63d3624ef
  custom:framework-win-MediaFoundation: 216162199b28c13a410421893ffa2e32 -> 
  custom:scripting/monoscript/fileName/Util.cs: aa4ef3861d803df3816cd1aad8bf2932 -> c567c840c1075a4816e316d1c03be77c
  custom:scripting/monoscript/fileName/GoogleSheetManager.cs: fb73dd0e7d165c2aef9f589e95b82843 -> f0ffde97b752080c3d530584994b1772
  custom:scripting/monoscript/fileName/UI_HoverIcon.cs: a26fa5f8f85c7ff968a5634848f8fd8f -> 86da22e14803a0579b30a8e6d88a739b
  custom:CustomObjectIndexerAttribute: 756ad292c208cfabdd7b50bc23989ffe -> 
  custom:scripting/monoscript/fileName/UIManager.cs: 619f5747dc184f3577c898ec321c40d4 -> 2595dc2cbd41cc2d023a3ebb28d87e9e
  custom:scripting/monoscript/fileName/JemSO.cs: 8e14b335a572e0f03282c9a5aabbeac8 -> 078b1c297faed4c19846a38052bc7e41
  custom:container-demuxer-webm: 4f35f7cbe854078d1ac9338744f61a02 -> 
  custom:scripting/monoscript/fileName/UI_Popup.cs: 135a9e4578cbf6d842da457c7bedc110 -> 1f3dad614649925ea79eef226189441d
  custom:container-muxer-webm: aa71ff27fc2769a1b78a27578f13a17b -> 
  custom:video-decoder-webm-vp8: 9c59270c3fd7afecdb556c50c9e8de78 -> 
  custom:AudioImporter_EditorPlatform: d09bf68614088b80899f8185d706f6e7 -> 
  custom:scripting/monoscript/fileName/GameManagerTest.cs: 39117663d6d1d8be34a2866cd771fd09 -> 7b3543181b6adaefe262862eb6dfeca0
  custom:scripting/monoscript/fileName/UIManagerTest.cs: f3ead2fc739064e1e6eb88cb771379fd -> f5755402c59d822eb0b90a69a934a57b
  custom:video-encoder-webm-vp8: eb34c28f22e8b96e1ab97ce403110664 -> 
  custom:audio-decoder-ogg-vorbis: bf7c407c2cedff20999df2af8eb42d56 -> 
  custom:scripting/monoscript/fileName/DataManager.cs: a9fe4eef96bf52b1fbeab23b0dafda6a -> 391fbbd6888f653416e6d2b1963354c7
  custom:scripting/monoscript/fileName/Extension.cs: d35893847dc4e4cd771fdff5761251c8 -> f72bc6e9d0263a29e2980e70d431f264
  custom:scripting/monoscript/fileName/SceneController.cs: efd0f905630482a1d81c485058d9d5aa -> 3ef5623db2458cc6fd817fc6271b7e41
  custom:audio-encoder-webm-vorbis: bf7c407c2cedff20999df2af8eb42d56 -> 
========================================================================
Received Prepare
Begin MonoManager ReloadAssembly
Symbol file LoadedFromMemory doesn't match image C:\Users\Admin\Documents\GitHub\Unity_Development_Kit\Library\PackageCache\com.unity.visualscripting@1.8.0\Editor\VisualScripting.Core\Dependencies\YamlDotNet\Unity.VisualScripting.YamlDotNet.dll
Symbol file LoadedFromMemory doesn't match image C:\Users\Admin\Documents\GitHub\Unity_Development_Kit\Library\PackageCache\com.unity.visualscripting@1.8.0\Editor\VisualScripting.Core\Dependencies\DotNetZip\Unity.VisualScripting.IonicZip.dll
- Loaded All Assemblies, in  0.700 seconds
Refreshing native plugins compatible for Editor in 7.36 ms, found 3 plugins.
Native extension for WindowsStandalone target not found
Native extension for Android target not found
[Package Manager] Server::EnsureServerProcessIsRunning -- launch failed, reason: Unity was launched with the -noUpm command-line argument
[Package Manager] UpmClient::Send -- Unable to send message (not connected to UPM process).
[Package Manager] Cannot connect to Unity Package Manager local server
Mono: successfully reloaded assembly
- Finished resetting the current domain, in  0.811 seconds
Domain Reload Profiling: 1500ms
	BeginReloadAssembly (137ms)
		ExecutionOrderSort (0ms)
		DisableScriptedObjects (3ms)
		BackupInstance (0ms)
		ReleaseScriptingObjects (0ms)
		CreateAndSetChildDomain (26ms)
	RebuildCommonClasses (22ms)
	RebuildNativeTypeToScriptingClass (7ms)
	initialDomainReloadingComplete (43ms)
	LoadAllAssembliesAndSetupDomain (481ms)
		LoadAssemblies (377ms)
		RebuildTransferFunctionScriptingTraits (0ms)
		AnalyzeDomain (159ms)
			TypeCache.Refresh (153ms)
				TypeCache.ScanAssembly (145ms)
			ScanForSourceGeneratedMonoScriptInfo (1ms)
			ResolveRequiredComponents (4ms)
	FinalizeReload (811ms)
		ReleaseScriptCaches (0ms)
		RebuildScriptCaches (0ms)
		SetupLoadedEditorAssemblies (264ms)
			LogAssemblyErrors (0ms)
			InitializePlatformSupportModulesInManaged (24ms)
			SetLoadedEditorAssemblies (2ms)
			RefreshPlugins (0ms)
			BeforeProcessingInitializeOnLoad (63ms)
			ProcessInitializeOnLoadAttributes (144ms)
			ProcessInitializeOnLoadMethodAttributes (11ms)
			AfterProcessingInitializeOnLoad (19ms)
			EditorAssembliesLoaded (1ms)
		ExecutionOrderSort2 (0ms)
		AwakeInstancesAfterBackupRestoration (12ms)
Refreshing native plugins compatible for Editor in 7.22 ms, found 3 plugins.
Preloading 0 native plugins for Editor in 0.00 ms.
Unloading 3317 Unused Serialized files (Serialized files now loaded: 0)
Unloading 27 unused Assets / (33.5 KB). Loaded Objects now: 3825.
Memory consumption went from 132.2 MB to 132.1 MB.
Total: 2.225400 ms (FindLiveObjects: 0.200000 ms CreateObjectMapping: 0.074300 ms MarkObjects: 1.910000 ms  DeleteObjects: 0.040300 ms)

Prepare: number of updated asset objects reloaded= 0
AssetImportParameters requested are different than current active one (requested -> active):
  custom:container-demuxer-ogg: 62fdf1f143b41e24485cea50d1cbac27 -> 
  custom:scripting/monoscript/fileName/UI_Hover.cs: 53a56e8342d4d9dae8f621eea5997e36 -> f7fffbe60731ed9f7b927a73398f8cdf
  custom:scripting/monoscript/fileName/GameManager.cs: 81ab47815b1cda162399b0c16199f023 -> 56bc6cc643bcbf5a5a0d63cbd09e7487
  custom:scripting/monoscript/fileName/SoundManager.cs: 840c753ea222748db3b6d6106ce94b8b -> 97b8b7f19e31a376baf624982cbfe12a
  custom:scripting/monoscript/fileName/SaveManager.cs: 4b7602047565c2020f47bafa0d5a4fa9 -> f327d65ba76f2af61c9a26b2f621b294
  custom:scripting/monoscript/fileName/UI_TempPopup.cs: 8390397edb332bf2cc1125ecaa5a5a3b -> 612209c06fd1a8530a57661ba14ccffc
  custom:scripting/monoscript/fileName/UI_Base.cs: 40f90825e92fd0f2ad58a68f6dbe18aa -> 48903eb0ee029fce972f96e43120207d
  custom:scripting/monoscript/fileName/ResourceManager.cs: f7339a673bbcbec696b2ca4255f14e89 -> 276d978ad18a8ddc8097f1c2dfc9a801
  custom:video-decoder-ogg-theora: a1e56fd34408186e4bbccfd4996cb3dc -> 
  custom:scripting/monoscript/fileName/UI_TempHover.cs: efbbc2d25c1945322b949708cb0a9040 -> f4e0f134abcfde529525a9f63d3624ef
  custom:framework-win-MediaFoundation: 216162199b28c13a410421893ffa2e32 -> 
  custom:scripting/monoscript/fileName/Util.cs: aa4ef3861d803df3816cd1aad8bf2932 -> c567c840c1075a4816e316d1c03be77c
  custom:scripting/monoscript/fileName/GoogleSheetManager.cs: fb73dd0e7d165c2aef9f589e95b82843 -> f0ffde97b752080c3d530584994b1772
  custom:scripting/monoscript/fileName/UI_HoverIcon.cs: a26fa5f8f85c7ff968a5634848f8fd8f -> 86da22e14803a0579b30a8e6d88a739b
  custom:CustomObjectIndexerAttribute: 756ad292c208cfabdd7b50bc23989ffe -> 
  custom:scripting/monoscript/fileName/UIManager.cs: 619f5747dc184f3577c898ec321c40d4 -> 2595dc2cbd41cc2d023a3ebb28d87e9e
  custom:scripting/monoscript/fileName/JemSO.cs: 8e14b335a572e0f03282c9a5aabbeac8 -> 078b1c297faed4c19846a38052bc7e41
  custom:container-demuxer-webm: 4f35f7cbe854078d1ac9338744f61a02 -> 
  custom:scripting/monoscript/fileName/UI_Popup.cs: 135a9e4578cbf6d842da457c7bedc110 -> 1f3dad614649925ea79eef226189441d
  custom:container-muxer-webm: aa71ff27fc2769a1b78a27578f13a17b -> 
  custom:video-decoder-webm-vp8: 9c59270c3fd7afecdb556c50c9e8de78 -> 
  custom:AudioImporter_EditorPlatform: d09bf68614088b80899f8185d706f6e7 -> 
  custom:scripting/monoscript/fileName/GameManagerTest.cs: 39117663d6d1d8be34a2866cd771fd09 -> 7b3543181b6adaefe262862eb6dfeca0
  custom:scripting/monoscript/fileName/UIManagerTest.cs: f3ead2fc739064e1e6eb88cb771379fd -> f5755402c59d822eb0b90a69a934a57b
  custom:video-encoder-webm-vp8: eb34c28f22e8b96e1ab97ce403110664 -> 
  custom:audio-decoder-ogg-vorbis: bf7c407c2cedff20999df2af8eb42d56 -> 
  custom:scripting/monoscript/fileName/DataManager.cs: a9fe4eef96bf52b1fbeab23b0dafda6a -> 391fbbd6888f653416e6d2b1963354c7
  custom:scripting/monoscript/fileName/Extension.cs: d35893847dc4e4cd771fdff5761251c8 -> f72bc6e9d0263a29e2980e70d431f264
  custom:scripting/monoscript/fileName/SceneController.cs: efd0f905630482a1d81c485058d9d5aa -> 3ef5623db2458cc6fd817fc6271b7e41
  custom:audio-encoder-webm-vorbis: bf7c407c2cedff20999df2af8eb42d56 -> 
